[2017-06-30 08:56:11]	Cannot open file 
[2017-06-30 08:56:12]	E:\myProject\SimilarityAnalysis\Data\KeyBlackList.pdat
[2017-06-30 08:56:13]	Error read file
[2017-06-30 08:56:13]	E:\myProject\数据分析\Debug_重复审计\文本数据_测试\11.txt
[2017-06-30 08:57:35]	Cannot open file 
[2017-06-30 08:57:35]	E:\myProject\SimilarityAnalysis\Data\KeyBlackList.pdat
[2017-06-30 08:57:57]	Error read file
[2017-06-30 08:57:57]	E:\myProject\数据分析\Debug_重复审计\文本数据_测试\11.txt
[2017-06-30 09:02:19]	Cannot open file 
[2017-06-30 09:02:19]	E:\myProject\SimilarityAnalysis\Data\KeyBlackList.pdat
[2017-06-30 09:03:59]	Cannot open file 
[2017-06-30 09:03:59]	E:\myProject\SimilarityAnalysis\Data\KeyBlackList.pdat
[2017-06-30 09:32:18]	Cannot open file 
[2017-06-30 09:32:18]	E:\myProject\SimilarityAnalysis\Data\KeyBlackList.pdat
[2017-06-30 09:53:55]	Cannot open file 
[2017-06-30 09:53:55]	E:\myProject\SimilarityAnalysis\Data\KeyBlackList.pdat
[2017-06-30 10:04:55]	Cannot open file 
[2017-06-30 10:04:55]	E:\myProject\SimilarityAnalysis\Data\KeyBlackList.pdat
[2017-06-30 10:23:52]	Cannot open file 
[2017-06-30 10:23:52]	E:\myProject\SimilarityAnalysis\Data\KeyBlackList.pdat
[2017-06-30 10:58:19]	Cannot open file 
[2017-06-30 10:58:19]	E:\myProject\SimilarityAnalysis\Data\KeyBlackList.pdat
[2017-06-30 10:58:32]	Cannot open file 
[2017-06-30 10:58:32]	E:\myProject\SimilarityAnalysis\Data\KeyBlackList.pdat
[2017-06-30 10:58:56]	Cannot open file 
[2017-06-30 10:58:56]	E:\myProject\SimilarityAnalysis\Data\KeyBlackList.pdat
[2017-06-30 11:00:50]	Cannot open file 
[2017-06-30 11:00:50]	E:\myProject\SimilarityAnalysis\Data\KeyBlackList.pdat
[2017-06-30 11:01:13]	Cannot open file 
[2017-06-30 11:01:13]	E:\myProject\SimilarityAnalysis\Data\KeyBlackList.pdat
[2017-06-30 11:01:29]	Cannot open file 
[2017-06-30 11:01:29]	E:\myProject\SimilarityAnalysis\Data\KeyBlackList.pdat
[2017-06-30 11:01:48]	Cannot open file 
[2017-06-30 11:01:48]	E:\myProject\SimilarityAnalysis\Data\KeyBlackList.pdat
[2017-06-30 15:28:47]	Cannot open file 
[2017-06-30 15:28:47]	E:\myProject\SimilarityAnalysis\Data\KeyBlackList.pdat
[2017-06-30 15:29:23]	Error read file
[2017-06-30 15:29:23]	
[2017-06-30 15:29:37]	Error read file
[2017-06-30 15:29:37]	
[2017-06-30 15:34:15]	Cannot open file 
[2017-06-30 15:34:15]	E:\myProject\SimilarityAnalysis\Data\KeyBlackList.pdat
[2017-06-30 15:34:15]	Error read file
[2017-06-30 15:34:15]	
[2017-06-30 15:35:03]	Cannot open file 
[2017-06-30 15:35:03]	E:\myProject\SimilarityAnalysis\Data\KeyBlackList.pdat
[2017-06-30 15:45:01]	Cannot open file 
[2017-06-30 15:45:01]	E:\myProject\SimilarityAnalysis\Data\KeyBlackList.pdat
[2017-06-30 15:49:23]	Cannot open file 
[2017-06-30 15:49:23]	E:\myProject\SimilarityAnalysis\Data\KeyBlackList.pdat
[2017-06-30 15:59:09]	Cannot open file 
[2017-06-30 15:59:09]	E:\myProject\SimilarityAnalysis\Data\KeyBlackList.pdat
[2017-06-30 16:03:16]	Cannot open file 
[2017-06-30 16:03:16]	E:\myProject\SimilarityAnalysis\Data\KeyBlackList.pdat
[2017-06-30 16:05:57]	Cannot open file 
[2017-06-30 16:05:57]	E:\myProject\SimilarityAnalysis\Data\KeyBlackList.pdat
[2017-06-30 16:15:38]	Cannot open file 
[2017-06-30 16:15:38]	E:\myProject\SimilarityAnalysis\Data\KeyBlackList.pdat
[2017-06-30 16:22:31]	Cannot open file 
[2017-06-30 16:22:31]	E:\myProject\SimilarityAnalysis\Data\KeyBlackList.pdat
[2017-06-30 16:23:51]	Cannot open file 
[2017-06-30 16:23:51]	E:\myProject\SimilarityAnalysis\Data\KeyBlackList.pdat
[2017-06-30 16:30:46]	Cannot open file 
[2017-06-30 16:30:46]	E:\myProject\SimilarityAnalysis\Data\KeyBlackList.pdat
[2017-06-30 16:35:28]	Cannot open file 
[2017-06-30 16:35:28]	E:\myProject\SimilarityAnalysis\Data\KeyBlackList.pdat
[2017-06-30 16:40:46]	Cannot open file 
[2017-06-30 16:40:46]	E:\myProject\SimilarityAnalysis\Data\KeyBlackList.pdat
[2017-06-30 16:40:52]	Cannot open file 
[2017-06-30 16:40:52]	E:\myProject\SimilarityAnalysis\Data\KeyBlackList.pdat
